{
  messageFormat: undefined,
  stringValue: '"f"',
  kind: 'ObjectId',
  value: 'f',
  path: '_id',
  reason: BSONTypeError: Argument passed in must be a string of 12 bytes or a string of 24 hex characters or an integer
      at new BSONTypeError (C:\Users\Francisco\Desktop\Diseño Web\Backend\Desafio 5\node_modules\bson\lib\error.js:41:28)
      at new ObjectId (C:\Users\Francisco\Desktop\Diseño Web\Backend\Desafio 5\node_modules\bson\lib\objectid.js:67:23)
      at castObjectId (C:\Users\Francisco\Desktop\Diseño Web\Backend\Desafio 5\node_modules\mongoose\lib\cast\objectid.js:25:12)
      at ObjectId.cast (C:\Users\Francisco\Desktop\Diseño Web\Backend\Desafio 5\node_modules\mongoose\lib\schema\objectid.js:246:12)
      at ObjectId.SchemaType.applySetters (C:\Users\Francisco\Desktop\Diseño Web\Backend\Desafio 5\node_modules\mongoose\lib\schematype.js:1201:12)
      at ObjectId.SchemaType._castForQuery (C:\Users\Francisco\Desktop\Diseño Web\Backend\Desafio 5\node_modules\mongoose\lib\schematype.js:1648:15)
      at ObjectId.SchemaType.castForQuery (C:\Users\Francisco\Desktop\Diseño Web\Backend\Desafio 5\node_modules\mongoose\lib\schematype.js:1636:15)
      at ObjectId.SchemaType.castForQueryWrapper (C:\Users\Francisco\Desktop\Diseño Web\Backend\Desafio 5\node_modules\mongoose\lib\schematype.js:1612:20)
      at cast (C:\Users\Francisco\Desktop\Diseño Web\Backend\Desafio 5\node_modules\mongoose\lib\cast.js:349:32)
      at model.Query.Query.cast (C:\Users\Francisco\Desktop\Diseño Web\Backend\Desafio 5\node_modules\mongoose\lib\query.js:5343:12),
  valueType: 'string',
  level: 'error',
  message: 'Id no encontrado, Cast to ObjectId failed for value "f" (type string) at path "_id" for model "Products"',
  stack: 'CastError: Cast to ObjectId failed for value "f" (type string) at path "_id" for model "Products"\n' +
    '    at model.Query.exec (C:\\Users\\Francisco\\Desktop\\Diseño Web\\Backend\\Desafio 5\\node_modules\\mongoose\\lib\\query.js:4913:21)\n' +
    '    at model.Query.Query.then (C:\\Users\\Francisco\\Desktop\\Diseño Web\\Backend\\Desafio 5\\node_modules\\mongoose\\lib\\query.js:5012:15)\n' +
    '    at processTicksAndRejections (node:internal/process/task_queues:96:5)',
  timestamp: '2023-05-09T15:30:39.261Z'
}
